{"numFailedTestSuites":0,"numFailedTests":0,"numPassedTestSuites":2,"numPassedTests":3,"numPendingTestSuites":0,"numPendingTests":0,"numRuntimeErrorTestSuites":0,"numTodoTests":0,"numTotalTestSuites":2,"numTotalTests":3,"openHandles":[],"snapshot":{"added":0,"didUpdate":false,"failure":false,"filesAdded":0,"filesRemoved":0,"filesRemovedList":[],"filesUnmatched":0,"filesUpdated":0,"matched":1,"total":1,"unchecked":0,"uncheckedKeysByFile":[],"unmatched":0,"updated":0},"startTime":1612563058579,"success":true,"testResults":[{"assertionResults":[{"ancestorTitles":["Grid"],"failureMessages":[],"fullName":"Grid renders correctly","location":null,"status":"passed","title":"renders correctly"},{"ancestorTitles":["Grid"],"failureMessages":[],"fullName":"Grid renders childs","location":null,"status":"passed","title":"renders childs"}],"endTime":1612563060534,"message":"","name":"/Users/artemalchangyan/Desktop/temporary/tradeling-tech-task/src/components/Grid/Grid.test.tsx","startTime":1612563059438,"status":"passed","summary":""},{"assertionResults":[{"ancestorTitles":[],"failureMessages":[],"fullName":"renders learn react link","location":null,"status":"passed","title":"renders learn react link"}],"endTime":1612563060735,"message":"","name":"/Users/artemalchangyan/Desktop/temporary/tradeling-tech-task/src/App.test.tsx","startTime":1612563060552,"status":"passed","summary":""}],"wasInterrupted":false}