{"numFailedTestSuites":0,"numFailedTests":0,"numPassedTestSuites":3,"numPassedTests":6,"numPendingTestSuites":0,"numPendingTests":0,"numRuntimeErrorTestSuites":0,"numTodoTests":0,"numTotalTestSuites":3,"numTotalTests":6,"openHandles":[],"snapshot":{"added":0,"didUpdate":true,"failure":false,"filesAdded":0,"filesRemoved":0,"filesRemovedList":[],"filesUnmatched":0,"filesUpdated":0,"matched":2,"total":2,"unchecked":0,"uncheckedKeysByFile":[],"unmatched":0,"updated":0},"startTime":1612820097499,"success":true,"testResults":[{"assertionResults":[{"ancestorTitles":["PageNotFound"],"failureMessages":[],"fullName":"PageNotFound renders correctly","location":null,"status":"passed","title":"renders correctly"},{"ancestorTitles":["PageNotFound"],"failureMessages":[],"fullName":"PageNotFound calls history.push","location":null,"status":"passed","title":"calls history.push"}],"endTime":1612820100484,"message":"","name":"/Users/artemalchangyan/Desktop/temporary/tradeling-tech-task/src/containers/PageNotFound/PageNotFound.test.tsx","startTime":1612820098893,"status":"passed","summary":""},{"assertionResults":[{"ancestorTitles":["Grid"],"failureMessages":[],"fullName":"Grid renders correctly","location":null,"status":"passed","title":"renders correctly"},{"ancestorTitles":["Grid"],"failureMessages":[],"fullName":"Grid renders childs","location":null,"status":"passed","title":"renders childs"},{"ancestorTitles":["Grid"],"failureMessages":[],"fullName":"Grid ignores `colCount` property","location":null,"status":"passed","title":"ignores `colCount` property"}],"endTime":1612820101203,"message":"","name":"/Users/artemalchangyan/Desktop/temporary/tradeling-tech-task/src/components/Grid/Grid.test.tsx","startTime":1612820098893,"status":"passed","summary":""},{"assertionResults":[{"ancestorTitles":[],"failureMessages":[],"fullName":"renders learn react link","location":null,"status":"passed","title":"renders learn react link"}],"endTime":1612820101321,"message":"","name":"/Users/artemalchangyan/Desktop/temporary/tradeling-tech-task/src/App.test.tsx","startTime":1612820098893,"status":"passed","summary":""}],"wasInterrupted":false}